6a10        "   LLLՑ                  LLLՐLLLՕ3
  !planet1 `9                  
  "planet2 NK$                  
6b        "   
  !l9)             jjj      X      
  "wZf!w      4+ej&jjj      (4+ej&
6bwn  "   
  !lJ.!w      T:FpDa5      BZ
  "w^|N}      "\a:9j=      Y,jC+
6bϩo]  "   
  !l^$)}      ֬:I%#H      .iln?5
  "v]kې      WIwzܸFsT      h5N
6b]#5Ի  "   
  !l=~rF      rVح+&(D      ${
  "w)4#      ( ޱU      }
6bqoҴ  "   
  !l)P@$ސ      дۨxŊ      +WRh
  "wpx      *-l^f      kn
6bꏔ  "   
  !l6O΅,      Ii۵KJ1q      ϖ7zV
  "wZ~      eDn2;*^L      SY4e
6b'LN  "   
  !l&Ό      n8a[vw{      \C
  "wQ      T<^0KDKm      ͼ
6bs{  "   
  !l?5AF      l}UOֲ      m3
  "w2s      XYITc      lUɾo
6b¿ݤ  "   
  !lU9J      XqB%!5P^A>      <D
  "w %JcD      vןLczv      &W~
6b+`՘  "   
  !l6rtV      D[*RSXy      {J?
  "w׃ΐ      -_g䴺suL`      e'){o
6bw"  "   
  !lO(      .iеsቐ      fbT
  "w}/      m[2`YuF3A&m      ZN1'
