6a10        "   LLLՑ                  LLLՐLLLՕ3
  !planet1 ء%tS                  
  "planet2 5轻ꏐ                  
6b        "   
  !l9)             jjj      X      
  "wZf!w      pUyjjj      Uy
6bwn  "   
  !k[KZ      債ֳ8P      ف%-
  "w65C      MVRT1      q
6bϩo]  "   
  !lX      @lXyVO.      z]$
  "wH!̶      ٬ùwе!a      '
6b]#5Ի  "   
  !lW$iM      Ő#mnINY||      %GX
  "wr9뜐      "Z -pT'_      YҤY
6bqoҴ  "   
  !lr$g.      gɱz}      Yp_N
  "wq4J      TyUXءr͐      Apg
6bꏔ  "   
  !kW3Si      IԤm[z1_U6      @)J=
  "wt.      Í%vTuyPޅ      >d-
6b'LN  "   
  !lI71      X/fx      _Ù3
  "wupe      XIb .}?      a
6bs{  "   
  !kv .      .iĥ鰐      d$n
  "wP~נ      @˳dFC      PB1
6b¿ݤ  "   
  !ko|6      xke>&Wlt      2,
  "w1{      RZ_HM3      "L^
6b+`՘  "   
  !l/')뤐      OI,}UZ@      y8xC
  "w1E      I*9L3Uc      Εh
6bw"  "   
  !k~vx=      ЩMj%J̑      (kj[
  "w6cie      {G#Xv       i
6bйOz  "   
  !lMA(      ot6`R$9      -GZ
  "w{Xhߑg      &BR@PNX'I      ^z
6b4/u|m  "   
  !lV?8;      tġpRwŷ      LT)
  "w'ِ      f=CAlBRGB      ren@
6bH{1_  "   
  !lhGX      tVG<h      ~
  "wh8ŕ      vQʹbhG      pމ
6b\R  "   
  !m$?֐      97bp,ۤ>      p1Պ
  "wm }y      C5K[      A+(
6bq3#E  "   
  !kU9      @;x^sۋ      󏳐x
  "wsBԐ      MmlY&H      wHQ
6bхFP8  "   
  !lR6      _Ӄ+rI`      [p
  "wqy      lbZC~1      m(
6bՙ˶}.  "   
  !kbsƐ      5Mˆ      8Q|~Z
  "wT^      dٌi?      2*)_"H
6bٮ7  "   
  !lBvp      XQ۵%̐      ȓo4
  "wx0_      Bˮw;ߵxal尐      zsw
6bZ  "   
  !k7r8      %zTj&O      \a3WX
  "wa^.      v-&m;+W-      <VVR
6bϩ#  "   
  !lV*xn      $/VrŤ-      ҀeS
  "w<g=5      פ$9/Ba      /n9/^
6b;Pӗ  "   
  !kaS      Hk0/4P      4tebM
  "w֢y<      Ei38TW      }*Ibc
6bo}ɗ  "   
  !l~!      ȱ(tڐ      !՗Wҵ
  "wi#      K7xzO^m      {f
6b3ӝ+  "   
  !kt      m0BUbd)-      -G
  "wU㥐      7〬ȶ6h      :-ϵ
6bH?׫  "   
  !lRƐ      Q?3j!S      HΧ
  "wn[z      UFR_.XCZ      :(P,`n
6b\$  "   
  !lPGǐ      7׷1]      ̀m
  "wIá      F3v\6x6Đ      Ǵ7dK
6bpא@Q  "   
  !lnn,J      8姓%<*"      o>tg
  "wCΒ      "M A[s      T2vG
6bC~  "   
  !lkA      p??f9td"      ^!
  "wKyb      rr9gZ?2Y96c      z z}
6bk  "   
  !kXK:;|      ]MPK+      O@e
  "w|ȓj      rd$$!      "|l^d
6bu_T  "   
  !kx'B      ᭤UOUzT      89p
  "w&̩      Bfuq]Ե1sA      z{8o<
6b]#4>  "   
  !k*d^      ~˽[W״B랟      yt=r
  "wBp      wл>      e)o*
6b$  "   
  !kj8      %9戀:Fu      \ʽ
  "w.      )Sӳx      QMU
6b4_T?  "   
  !lʩ+      nbkΟuŐ      JXX
  "w|      wHEƴ#      8plD
6b֘  "   
  !lSB'      H~zWv3۷      \zB_
  "wzܝȐ      b3czT3      -0ag
6bsu  "   
  !l:eW      ΅Pu6G)Rr      &[ߙnv
  "ws?      V`젩O      L7p
6bgI   "   
  !l,I䯐      sŝKۨѐ      4A
  "wYA8      2'Nh      T
6b𒫍  "   
  !louh      66Hӫed      N$[Do
  "whzd      ;q`[e~ܐ      sW
6b>2Vu  "   
  !kvo      ,ma]5\      sNs
  "w6m@      ;&#%νT      03
6b3`  "   
  !kgXN      >}p(&A      t߂JU3
  "w/      &_D,`ڐ      _Rj
6bQE  "   
  !lH*lF      |cW@8      mת(
  "wF,t      x0a|>sZ      ǹh%
6bqo7/  "   
  !kƃ>u      ^DŖx\m      F>
  "w~]a      A4v8X+      QHQPT
6bp  "   
  !kRłh      v.VӲWxᥐ      <"
  "wd^F      &MI"*      gF$w
6bHlޘ  "   
  !k¥`       霳Hs2Ţ      Kzdb
  "wB      2$WʶՋs      GǢ
6bYɘ  "   
  !l>q      -N&z)U      egf~
  "w[      }?E>H6Đ      ĈqK
6b/  "   
  !l/tf      E0[J      Iwj;
  "wk)(      ߆贑6cߐ      EpT_
6b{M  "   
  !l=b      V7y)M2m(      4:+\<
  "wB/NH      }x:FӳeNP      )y
6bCN؀  "   
  !lWP]V      K ),(      1X0U
  "wnU鱐      1=Ո-䲣pp?      Gꩌ*d
6bR΃k  "   
  !k87S      }6$e]@%      Ks2 
  "w)H-      *7Uki^      &%S
6bn.O  "   
  !k:#<      "U3,hg      Y\[֡U#
  "wh,      l)AsN@Ɛ      QC.y&z
6b*-:  "   
  !kk      ̵+O]\      ݢZv",
  "wtVv      bشfw_SD      Yfm(
6bd"  "   
  !l$=W      Hˤ7ىԵBL      HU
  "w0\ΪM      '9$p?uX      `Ze+4
6bi,  "   
  !lPH      *Ԝ2u      #c<J
  "ww9\      i?=eq4O*s      ڋ!q-
6b\鬙ј  "   
  !l8ul      n*Fpq]      ί*
  "w{1U8      <[ض'D      u.P
6bLD  "   
  !m+hM      _ٮ_j      L"
  "wϨ7(      ߕ쐂      3j
6b4SϤ  "   
  !l+ F      nږn`^i<      8(
  "wTCP      VZ`#΀f*      ]'|
6bkz  "   
  !l"U      >ث<2ݐ      vA4
  "w P      Q"=qP      /T?}5
6b%s  "   
  !lIJydr      £2F뺞      xa
  "w]n^      wmjn981      Cѭ
6bg=犰Z  "   
  !k{=      e۰ӿ:j~T      gJ2
  "wnf      $R|S18      SU+_z
6b*[E  "   
  !k~E      qHLށ>g      B!
  "wufe      џL,O]ׇ      `E
6b>y)  "   
  !k>$      dT&Y7Z      ??z,
  "wdjǣ      D<e{-      |9%0
6b'I  "   
  !lGȨ~      1"KoҸn#      jNl
  "wö́)q      ʗ*SKAS      "pU 
6b;ܘ  "   
  !lM8`W      q/uMFL\w      o
  "wye`W      sb%P 䅐      rvA߈h
6bqchĘ  "   
  !lg      \۸kKF#      RZWGD
  "w|mS      BL3      T6
6bq  "   
  !m/!*      T6:aݓ(      ;fz*
  "w􅷸a      *>P؆]      Q@%
6bH  "   
  !lוNS      epQMJ0      r(Ғ
  "w-q1      TAu!?o      q_
6bM'~  "   
  !lxn      0&Ԩ\)uh      ftLQ##
  "w1@r      m<,it      ;,xl\ 
6bRf  "   
  !k퀦x      "پȾ\      2϶N
  "wq      w{!onÐ      ʬS'K
6b{FM  "   
  !kmY      YU;r;31wF      BwE
  "wWUǐ      C|-^Ǵm=       {\Ó
6b7ƈ5  "   
  !kHB$      ܊ܨSė      4Q
  "wo5      ֙=B7Ɛ      .nک,
6bRf3   "   
  !kZs2      R|B=MRW>      Z
  "w:V      _^ӗ      hz
6bs  "   
  !li@Z,M      $`TMUT́      ^0I>Αd
  "wJAʋ      @<4,O_      wS4!
6b*!hϘ  "   
  !lY<      !]a:x>      h
  "ww.r      ֋Ж${TI      .K+&8
6b$  "   
  !l3<u      SZo[y񺖶8TO      am
  "wrd7      8ϵEwiF͐      ƮЏ~
6b]ञ  "   
  !ls[J      :%QJr      0Ny%
  "wamԳ      I9Um?3ƀ      i
6b\DI  "   
  !k*U:=      ~緃nQ      {]|2
  "wn>      )H@EV~      ;ѦŨK
6bq  "   
  !kQ;󙥐      !1s瑰q!'      Yl^Ғ
  "wtyR      TULUq      X
6b4GcX  "   
  !k&\      <j@)sh<      A=J
  "wLqDĐ      ^i 1]覤2      S
6b*@  "   
  !le͗"#      KR<Զ΃b      7|.
  "w}p]      7{P1 kt~y      Vh
6bނ'  "   
  !l7І'      A|е'YU.|      *ً*
  "w~(5RI      z=e-k      yo"
6bg1"_  "   
  !l&      wu^h%2O1Ӓ4Cm      `5
  "wxFX)i      OD43xb`{      -EY
6b¿ݡژ  "   
  !lS7      w).vK5      WBMǻ
  "wM      EZ:C}6ڐ      |9N
6b>mA  "   
  !l^ޞA      $i֡Iԍ3      ANgh
  "wmHҐ      Wss|:>vwĐ      Bˉ.,E
6b@  "   
  !k'b      M=gsф#      U=g
  "w]x$      <WLczs_      )
6b`ˑ  "   
  !k)ڐ      G3>s      ([7\2
  "whS      y;ݮFd7=      9H#V
6bqWv|  "   
  !lY͖\      wsE(VQe      ]31=
  "wua_      Cx?kcӆ0      {'̟
6bۀ!`  "   
  !kc-Df       5vp*/=      UfEί
  "w*᫄      hV(\\_      F/3>1k
6bHK  "   
  !kCϐ      @.*U\ 8y      Dn26s
  "wv_=#=      _ldGސ      rf{
6bAڟW3  "   
  !ls9x      H[MwBgV      ߹
  "wt;$      P@FVs䵙]:      ;>
6b>  "   
  !l>xdƮ      [$%F;6w      (Ke
  "w\I~Ɛ      WǞ:2.[      KJ
6b{}پ  "   
  !l`      v2Q3Oōњ      K΍;
  "w_      '҈ӺG8u=      `QGƩ}!
6b+^7͘  "   
  !l;j~      PxV鸺ŋ      VT#g
  "wEDV      ɱ̞67s      3(9'
6bRµ  "   
  !kKEO۬      B?      5羟
  "w}<      @>fޗl˙v      mZ
6bg}ݘ  "   
  !lV{W      LJL0I?d      qf0
  "wRAG"      ÞmN4shĵ$      ]#&
6b)C'  "   
  !k%ى@+      nW ɲ      )+#J
  "wnWi      YŶsݼPfѐ      y
6bמQ  "   
  !lHr      sWK~=Oܐ      [Z
  "wf=$Bt      2YȿFhL      jQ{
6bQ?~  "   
  !l9+ҁ      @`U&a      Vv$"
  "w_^      tnЙI߶ߐ      Cn=I?
6b\E  "   
  !l1̐      :u& 0A|p|      ;Hl4
  "wxڻz      |Bk8P:ӳ      Hn
6b`Ә  "   
  !l\      Nn8IΝr      PܛPX
  "w6G#      ;HNН/8      aБ
6b4;   "   
  !lt-O      OĶ1p      +5\
  "w1c      p(>?ې      m"
6bՂHJ  "   
  !l>e      ~쒵Iɐ      H
  "wR      ^ŧk+ϳg??      S㑭
6bw"q  "   
  !kE+w       (~dX      Yv}R
  "wk,vIՐ      >un;sWm̮      vUf
6bg%ԣ  "   
  !kz^>      Z+ä+<ߐ      Gh
  "w_Rސ       0Gj7咋}(      XjE
6b³DJɘ  "   
  !kM}      Ltgp9r-ӋDM      S<
  "wm+      ni혐      <Gރ
6b>a  "   
  !kox      *ǈH      /N[~
  "w}.%ސ      |%+{7sj      !d;
6be@  "   
  !l`㯤      }hxWiTٓ      vԫ3
  "wmGȐ      %}1m      FX+
6bMk  "   
  !l6`s*      '?Y"W?%>v      ^7
  "wXp3      r9(Sن<@      ·щe3
6bqK҆㘘  "   
  !lv*L      MNH7](      #8pE
  "w4U      ~smǴ~)z      PE
6b'  "   
  !l"kې      V+e)ച(FƐ      `~%
  "wf1      iQL!7(sh      <
6bHѨO  "   
  !kO[      [aZuD󿧐      7hP
  "wa2b      U4n⵿&֡5      j6\
6b5H6  "   
  !l(ӏ      .357gRd      .(M"
  "wO!l;      ChҴo#j      {lju
6bɜa  "   
  !kJf>      +*T+;NE      dƹm
  "wdF      1viSHY:gÐ      iAR7
6b{qjR  "   
  !lŌ5W      3|:CAr|      >
  "w]C"       ꁒ4|s`{ܐ      XbYT
6b踘  "   
  !l>      Z(ʘ/4[      k=zk
  "wk      .lG/!      JDg b
6bRϋ  "   
  !lL\[)      v|#+z*+      =XtO
  "w\Ҧ{ߐ      #Pޒ%      =D7k
6b[,U0  "   
  !l^.      hB)65      (4ne
  "ww*Ɛ      Wǵ      1>RY
6b)άZ  "   
  !loype      5;Զjc      mWg
  "ww}퍐      uɢ®6B      '`xjs
6bM  "   
  !k<,EzU      s.*v[J      np
  "wަWg      jѳF93      ;4Jk
6bEW  "   
  !k~9:@      h#p;<}      qb
  "w<'@      i?3tK      m
6b\nܘ  "   
  !l      l,pb5v      Dz
  "w9(wՐ      (SXzU      A
6b&  "   
  !lt#KА      !XFj̷Vw#i(      Ї8&
  "wuFHgp      RAS      !_
6b4/̐ZP  "   
  !l$`Y^)      ?B՘t=XH      wD[%z*
  "w^      ==6[T      {ur`J
6b0~  "   
  !l6V      ɪkڸ1%c       GT^[
  "wyԭ7      Ta0C氖      HД
6bk˱  "   
  !l̷:_      t3(]Z~;%S      A]V
  "wgDkJa@      :g      R}He
6bfR\Θ  "   
  !l!aQ1      XF?c_M&Ɛ      QC.86
  "wtFa      ,!^!0>_x      2v_8
6b§  "   
  !k\ȿ      iVj      ٞ&
  "w}%'p      /tXﴠ=s,      uCk
6b>UsF  "   
  !k0JW      KqgEĒ/      Yf1
  "w_kl      A~uR`      D/Ǎ
6bÙ_t  "   
  !l^ؐ      `Ī5h]$*0      +|rPHr
  "wmҘwV      <_)dً      (+Sd
6bɔ  "   
  !lH/F      |hmeC,>fEh̐      oY~
  "wyt)ې      @mdks?      !MF
6bq?5Ș  "   
  !m0VYP      %}`I[\݀      ^#eK
  "wh~      _:uZq+      |s؈
6bȶa  "   
  !l&HU      7##<      脯ɜ
  "wN#rr      ϧzװʲLу8      '@}
6bH{V<  "   
  !kBQ=      Xt8}jP:2%      lRn
  "wI0ۑא      ÙZ_ȁ      2T/
6bŤ)׮j  "   
  !k05L      <EG;MX      97Xz5p
  "wZq      J#½      =~$<@
6bxd  "   
  !k8l      'Ui m      /~c
  "w39#      г;gv"Π      Jc(A
6b{e  "   
  !k%      5Za!$ց      lŹ.
  "w`&<La      !ˤ:S鰳H,}      Y!Aca
6bƙ  "   
  !lZ03.      L0+SL(      "v3e
  "wJ.Hn      1Q~baܮ      i<~
6bR:g6  "   
  !l<+      g2,m      BJ
  "wErչH<      C)hcl      {b!7Y
6bǮOź`  "   
  !lUxTn      <?/T       J5@oOl
  "wIVn5      VI{GaTsNv      V6]
6b)[  "   
  !l5I5      u=̤๩xL%      ڜ=
  "we]eOW      iwqm==      u
6bȅi  "   
  !liB0      GzS@V#D7      ~?Ԗ>
  "w2^ɴ{      ~гs&      v?Ʋ
6b9|  "   
  !lRSbȐ      ptjNԐ      &/h^
  "wC#W5      Ʃ׳[6T      Π
6b\,  "   
  !le]d"      wHpt?`'a      ,
  "wXkÐ      ƊCj~OИC      w1N
6bɸuÞlZ  "   
  !l7      n3Ӝ&k8      X+V[5
  "w=<v      ȕ$C̐       
6b4#?"  "   
  !l;~      䢐8DDr$      %
  "wi0      5ej?Ő      ;UoLc0
6bʏ¿  "   
  !m>!s      WWF:݌7@W      KJ
  "whuI$      f}eoVo      Wmu
6b_`nؘ  "   
  !l)@      R[j&kL      ;,Мy
  "wT]Qː      =nvoA%      tU:
6bf%&  "   
  !lbM      i푸OU      A1۫
  "wS>;g      \Lp샵:8Sp      ]N
6bL  "   
  !k, 3      9q5`Qxs      p 'n
  "wV1ؐ      |QAsr8RCF*      <q
6b>I"qz  "   
  !l/;86      Lec(%:      źn7
  "wz%u      B)2дb8}D      ַ
6b̙'  "   
  !kw      kc$ņw%ΐ      vL2
  "weؽm      5ra~7*혐      Rlf
6bCј  "   
  !lVט\      hOo΃fn      M #y
  "wfe@      q~w?Z      >e8*\
6bq3s  "   
  !l'~abJ      *J"      ؄=;B
  "wWSǐ      +Ͷ V~*      d&~*vQ
6be*F  "   
  !kr),1      K47vvpG      Fy$
  "wUلnnː      S$!<SʓqEV      @LsJ
6bHos  "   
  !kž4      ՄdMoz4aѐ      -$`
  "w5AF      |~q$<Wɛ+      {mZ
6bΣv  "   
  !l,sQF      җ}еǕ      vMr5
  "wF      ,C-w'`6*ې      :Q
6b',Ș  "   
  !lY \      )fZA>B      bhG
  "w3BJ      Oy?0Ȏ-6n      *98Ow
6b{Y  "   
  !lcO      X-hrsǐ      SC
  "wX%#Ð      њ$      VZRWHQ
6bHy<  "   
  !lli       a¹K+O      Y+-
  "wbɐ      LE5cV      UZeL+
6bR/i  "   
  !k)!      aOXc!Sf`      EF'LM
  "wi[ZU#      {F-$EGa/      Ñ
6bЮCiŐ  "   
  !lwt5b'F      ﶍt/      xw
  "wa-G      3.!.      &FX|
6b)ѻ{  "   
  !lmZ      D]@a.      |Y]`
  "wR%@      _ɅIlꯌ      6h
6bх1  "   
  !l1eǬ      IHU\      (HI[
  "w&f~ѐ      1DU*2D7      i
6b-+5  "   
  !khpB      |RS-fS      sq
  "wavK8      gDvxh>՛      Kv<
6b\~_  "   
  !ky8      $*")ɲGH      ]
  "wAGDㄐ      ",x;ԩ˼q      %Dq
6bҸiM4  "   
  !lfr$      iL998ߐ      HsJ
  "w|+r      SCup8u4Cog      ,ʹ-{
6b3ʷ  "   
  !m/.1      ]@œEt'      Aμv
  "wnғ"      -`Us~b      eąhlZ
6bӏnޘ  "   
  !l5v(      Xw:77Y!(QZ      BPX
  "wKKXE      hAo;      3rx
6bS7+  "   
  !k{M      nGV      Ln
  "wRf5      jS6K^>Kl      l:&2[
6bfḏU  "   
  !l?2^      @OID'Ӭ&y#,      xh}.d
  "w2^I      ;b;#jA|      8Рt
6b0  "   
  !k2      I^e)       &'G8
  "wF      >>X+fP{ې      vw0Sf
6b>=9  "   
  !kQZ      wJQܐ      ]`K,
  "wIQ      ~w<7谴xa%/А      ET
6bՙ˷Qט  "   
  !lͪzF      #H{$Dl^"'Ð      \N<
  "wOO,Р      D/@4wf      :J
6by҆!  "   
  !l ׮      teP"Ҹ-V|Đ      mF
  "w<ڈ      "2!bbW.      YiNt>0
6bq's<O  "   
  !kըН醐      ^E}/n=qc      T~
  "wO\=      e7#Ƶ]ɋ5      3r
6b̵y  "   
  !lyB0,Ȑ      /[aR9%o      C9~cp
  "wbצ      M:jAU      ❢q]{
6bHc  "   
  !kjgh*      }8gyDq[      7o
  "wFY;r      cˍ峂Ga      H*v9
6bף5>ј  "   
  !k(҉      @\v*/̲bW      zkzw_
  "wp5{:q      X?6"S4r#褐      %Qbk~
6b  "   
  !l<XȐ      ΑPڥ/      ' P}
  "w&;y      |0K#_谁      _D
6b{MVE  "   
  !k$      |w>iȴ1O4g2ǐ      KK"l
  "wS<4-      qr!8/A      CQ 
6b۳Ao  "   
  !m,K      +Qn-6b7ܐ      cW޸R
  "wZz      W'=])'8.Ɛ      =c
6bRwי  "   
  !kR      IEyj4      6}Bɪ
  "waM      E_oQ      \d^c
6bٮ7ǘ  "   
  !kʽ5      b$wD~      C>閍
  "w'6\      \ʕ#+{      KR"#
6b)ŲC  "   
  !k`z      $EGѲ8Jf      J:?
  "wDJv      ał璲Ew3[      %1[
6bڅs9;  "   
  !kϤ^]W      ]c˳,Y/      5+
  "w6i褐      35gѾD      J
6b!e  "   
  !lØuVW      J/]MC_p7      fSkrH
  "w%E^åM      %gˏ1      ]R
6b\[F  "   
  !l[,@Lސ      v]~RXΈ      0F
  "wF~(      y@dAtܐpin      <cqsT
6b۸]ܽ  "   
  !lýuڐ      p8Թ+ۗ>      5+8
  "wYΐ      ma5ﵞ"#]O      &:;}
6b3|  "   
  !ky(~      35ܔɳ9~mc      k@;
  "wN@Lv      D5>%;i5?xr      |Dfc_I
6b܏I5  "   
  !l4WIз      Wp;GʼE      ۱j
  "wSkhAՐ      W5Cu3      aDx0
6bG[  "   
  !k}^+8      kI0ܰ$2      h{@V
  "wE      q嫐Zzj      Mp`G%
6bfկ>  "   
  !l:arH      Gp稥6      Txm
  "w=ĝG      n&zɿΎ1R      y3
6bK  "   
  !lkE̐      9ڄVj      ̞5V
  "wDE{      f%⌮]ă͐      "ҍ'os
6b>1_ݘ  "   
  !lqtτ      YH:eloI^      5xT`
  "wd6-Ő      G]|(#g)N      P=T
6bޙ'  "   
  !l_هZ      |YSH0      ?d©.V
  "wR[5      ^d䬏z`j      ݴ:
6bmNQ  "   
  !kIM|%      $l=[a      x[Zq3
  "vN%      &]Dsֵ~ȵ      ^ /1
6bp!  "   
  !kA1      D2L`,!      {e%
  "wI%$N~      !\;DW!r      :ǲ
6b̩  "   
  !kդeh%      ̵" o}      &R
  "wh\B/      y wn      @\rZ
6bHWCPӘ  "   
  !lU>E'      /+g;Y      O|
  "w8]g|T֐      l!HղI      
6b!  "   
  !m3\mg      ,`8CvǑ      dff
  "wawX      Ѐ`Rg{]뿐      (ޟJ/y
6bdK  "   
  !kQF      ;@h      9.
  "w'^(D      W!Z1!<朝      +s
6b{ASu  "   
  !krgא      nmp▴vׁO      pƝ
  "w1jG      u|(r      t&g#
6bϪ韘  "   
  !lc6^֐      dYᅶ.'0룐      PY!Qg
  "wLhϴ      Fg]#̴bږ      ~͘K
6bR}&͘  "   
  !k<"Ր      S񮻦;]<ڐ      ޼ 
  "w_,ɕ[      vAtH>SeV      6Xb
6b+U  "   
  !lmm      V=կ;z      ӥ
  "wTKl      <mG      t*3
6b)GA  "   
  !m#%Q      ԉkfє^̐      <Pu
  "w22'ڐ      iBY$+sA      !T
6bgȢk  "   
  !lRݐ      t7,+.Nj      $lh
  "w>]!,      7k/ڶnTGǐ      oQ2
6biX  "   
  !kEhDS4      F>Oe(cώ      |e<S
  "w>,      t%Kp{ra5      ޒ$!M
6b\Ø  "   
  !l.k      ʰ:"      ,w}5
  "vNǐ      6#K}0?Nt      n[(
6bQ  "   
  !lD+,'      ~Bu϶=#:Z      "(w
  "wol      CeDC      ǴL;
6b3ߧ+[;  "   
  !kR      .9>=i&!>Rʐ      h&A0
  "wR<&      ;<; {=f?E      sBhq
6b反a  "   
  !lbm;      pٵ0k      zo
  "wN&/]      (3ݳRĐ      Sx
6b;L  "   
  !lvq      peVѺא      ̣n
  "w@U      ED;&Z      ~GKN
6bfɥ]  "   
  !l76ǐ       &ݤ(0Q}@E      WfZ&
  "wK&      nV/mHɵ      m]f
6bwm  "   
  !k*`Ź=      sGX;U"NhĐ      tN_
  "w/Q5|      U򄳵Qh*9#      mI
6b>%1  "   
  !j(      ^,ocݯ2+      rcۖ£
  "vBƧ      ϑ$CV<',      't~
6b癳`[  "   
  !kOs͐      YLp|&J      FRB.{|
  "w<ǁWIސ      i|nyA!gěk      H
6ba/  "   
  !l=b$      t~ݙ`      ~1\
  "w1_ʹ      ?ߵap]J      >e$d
6bp  "   
  !mC`      NڇVTUyT:      3hG
  "wVe5%)      5:QP      5y
6b̝Qbݘ  "   
  !lMT-ϐ      `!UaP4      7^
  "vE3       "(35kc      Z击5
6bHK'  "   
  !kɣ}nN      T}d:      8k4f
  "we8<4?      vGL@%a      փ,
6b٢rQ  "   
  !jjal      =}îwe      vHgeG
  "wY3_      D`KﳯEo      |mf^O@
6be~  "   
  !kny~      ϸӚ|}\      '¢߮
  "wt#      ˅)eSؐ      ӎG5
6b{5  "   
  !lY1      5Z%ϐ      3Uq
  "voV*      k.yLb3f彐      VpKU
6bá4Ә  "   
  !lŐL}      1W芻ԾޯА      hRJ^MM
  "wRA̐      *4Prq      H}7߲
6bRqg  "   
  !l~W      ĎhϤ?i"      >O
  "w:QDِ      cZ*9ܗRĐ      ΣV
6bUJ  "   
  !l9      tdۮ8Nr      xθ
  "wajjpŐ      =#\WyJc31      vHnׅ
6b)ִq  "   
  !lUJj      "hlxǐ      Zv(
  "vL      Rl"YWo      j#
6b[wj  "   
  !lS.>@      kJ!|7)      Tb
  "w.S3      qI0;QʨY      ?bC>J
6b ɘ  "   
  !lCPSL      b0̡̽.2      tDeJ
  "vʚ8      3q]۟      UԣF
6b\  "   
  !l6qڐ      I-4ya0      Nz99.j 
  "wB%vjՐ      oUKݖrT      )
6bE9m@  "   
  !lQ?b      q.ωO      gfL
  "w;nϋt      X(ZeW      ̿[)
6b3ӝ#k  "   
  !kx?;      XCɅ~i~QV      MN<
  "vfe#.      Nf3xuW      @*#)N
6bZ  "   
  !kLNJ      /5rWfӐ      A4-J4
  "w.q9'      &F9K      rח
6b/o  "   
  !kګiσ      ,K~E4Ӑ      ]M9
  "v䏙!      Jէ|gK}7ut      =F
6bf|%  "   
  !loՐ      Jc'snջ&      {jN-X
  "wB44      ݵH){v      5P
6bk6  "   
  !lԥrERz      µ2W|`i      8"HS
  "w"q?ܐ      /Vw1T@ֺb      Q[a
6b=ra  "   
  !l"M8!*      fBP;      /
  "wG?.      G|xLB0,      ЖL`
6b𙧛>(  "   
  !l|(舐      Dv򹾷:UJT      |d0
  "w5Ho*9      ߷;Qyrv7      7u[
6bU  "   
  !l>Q2#      V.ðfEZ      -QAX
  "v(      ̎*wQUǐ      \8\
6bp_t  "   
  !l"O      tI      37|
  "w4}*      Qx)Ŵ}ΐ      &
6b̑+,  "   
  !ltv      8Sq3*<F[\      q#n
  "v\vʝ      %ȿȲḱ$      DޒH&
6bH?W  "   
  !ln3Mo      TЇ#9I      $,b~0
  "w:"s>      Hԁ8<ϡ      ÷\Xc
6b͙!w  "   
  !l~WU"ސ      Xxnr${Q      e&
  "wS{۹9      fXNKo_      Dve
6b{-  "   
  !ksK7~      4eGLc/R      jyՙ/u
  "wG@*      $hYh磳u8/ΐ      \cu
6b{)Bܘ  "   
  !j(剐      ć^QiT\      {r
  "w} T^      z&4$?"      a}&$
6bַz#  "   
  !ktgH|      sA+ZP/      쓎
  "wU6k      u=%"Fؐ      霃Ŵ
6bRed0P  "   
  !lwoV      &Uղ^:@bl      `fEp
  "w?ũD;      HEj#vМ$Đ      M.u
6bz  "   
  !m<%\h      S%մ      @ǖF
  "wM}{R      [6.Abv      C3_Q
6b)|  "   
  !lEU_D      rYmx$ʀ$      Bk6
  "vS9      l>9:~(b      d 
6bO&2Θ  "   
  !kהf*      'Bp=!9Yl      ]2ҥ_J
  "v|=j      vJ˵CX       :
6bݕ  "   
  !j+R      C#o*)^      ̼xK
  "w,gdu]      >Qx4݅QR      v$cPZ
6b\GF  "   
  !k}#      fwű[;      Z{M
  "v-      boԳ;:U      ?F[
6b95p  "   
  !lO J      2`/o<&      S؆b
  "w si      '$=˦0|-      h:
6b3ǔh˞  "   
  !mDvnՃ      hA)H      ,@P;
  "wN7[b)      |ܑkrK      =Ji
6buȘ  "   
  !lYt      g&36)W(t      J7
  "w<E      IjLVsW      
6b#7  "   
  !j˥      ,vh-"5}      O92
  "wPlU      XZٗഌJ{      ObtTId
6bf*<  "   
  !k      8~E'Ð      hD
  "wjL [9      Ɓ_{1eܐ      Z#̞<
6b_j  "   
  !lG&      ]6sF%}      ]IT
  "w8!~      3?|;p"      ηY;
6b=L:  "   
  !l+      ?qM$       LΡL%
  "vt9P`W      g۲(}T      >J
6bо  "   
  !k6֐      IEI֐      ?YZ
  "w1P8ѐ      9葻Bӯ      r'{Q+
6bIm  "   
  !l[       ^99eB4      rw>T
  "w6!J6      =ϋXtDʐ      F&U
6bpא=2  "   
  !l~6c!B      t/-@#M      M~Pq
  "w o̐      8m86X       lgڜ
6b̅`  "   
  !kU^)p      'U/J      +1
  "wE/}      L$HGL      ЗUY
6bH3/  "   
  !k=>i      \ұ)[}bo@}      8m.
  "wk3I      o&N崓]ƛ      -Y
6b?  "   
  !m%EwE0      cPg      MԳ
  "wAظo      HI ~fo      }sEM
6boP  "   
  !l7I      CNظN5E      tYTHK
  "v{<at      "KQcm7      Yݥ
6bzь,  "   
  !k]g      eI\2W      C,kE
  "v7m      w:`ٕ2a!      4
6b֫rBZ  "   
  !lFF-T      ޘ4~<_]      Sh/
  "w8RMa      iuܵ)gHS      na
6bRY؀  "   
  !k%8      z̗,޴hF#      0H)
  "wA۬<      &4Xo      rMm
6b獓  "   
  !k{,}      ge8l5ͣ      OaԄ\
  "w405|Ő      tLm'uɳ`۷!      ኈ8
6b)4Dؘ  "   
  !m?3$      V/Wp-!n      X,dK
  "w0ڰ%      S^YO[({9`      v8M"
6bC"  "   
  !lZ|-      <ӌ$v6:ȃ%      ՋC
  "w<ߙ1      5F6Xliy㰮      m(6rR
6bьUL  "   
  !kwę      o&(QOOH4|      q
  "w* Ng      )|{ɐ      Ogު"
6b\Gz  "   
  !lpc'      *&9Pf˷Ou0      `̉`
  "w&b      ڙs}7d      2F|
6b-vݤ  "   
  !jֱTo      )e'brL\      S{W
  "wAFdӪq      ʒ䴒      =&@5
6bNmu  "   
  !lȐ      ru˹DV      !W(
  "wDBvR      _Wfw͖      IkEO
6bWXw  "   
  !l>^)]Ր      /UgfcNصakßGC      fw_
  "w:;;Dn      /8̮`NO      %eh=
6ba5~  "   
  !lzp̑      -^$͸Jj%      +Q!2M
  "w5oyuB3      tq&S[l7ぐ      p;
6bjZ@  "   
  !lkMZ@      k!UtIX0r      ZW
  "w6ޔ      ^N6h;W%ߐ      s̴3
6bs~i$  "   
  !kvs%      2aZ&ƕnj      l:?
  "w)73R      I<3I9d+!      &1
6b|m3  "   
  !l.9}ʤ      ɝlhE"^      &8*
  "vDM      4p~ܴmi      lcƉ
6b)B  "   
  !kW0Ӑ      <7#'W=      R9
  "w*V\i      !R#      Yk
6byQ  "   
  !mBk;      =ttu]Z      uX[$
  "w8gL      (xjcj58{7      IciH~
6b1@`  "   
  !l*'U      ׿ؑaߨ|      /]\ds
  "w+G\:      t=Αܐ      8~H^/
6bU9o  "   
  !l}1      ;)!4:      ˖a
  "vӰq^      PNVb.ݐ      (+_i:
6bzm~  "   
  !jX«      JJSɯpk5I      g&+
  "vfܐ      $չߜf3;Ő      n!.
6bٍ  "   
  !liKLа      [5Ywb}      <C1
  "v?#      ~źг{̷~~      nǧ
6bÚI  "   
  !k~0h      I*cHjnX+L<      AOA{z
  "wIB7{뇐      D`"R}&5ɗ      -TBf
6b@  "   
  !m(̢RI      ZVC?R      W%
  "wE!U=s      Cv5\ِ      T\>*"(
6b,麯  "   
  !l0ĭȐ      <a`.Ð      KHY^6
  "w/ۥ_q>      #Vc]i      j.
6bQmYɶ  "   
  !lW      A$϶Lɑ_      C_=
  "wNUi)      +bB7=      5U_6
6buع  "   
  !k>piȐ      epZW1,      i
  "w%q      su_]]      ]\
6bꚙ罙  "   
  !kd<Π      #Q}]z-9      [f"x/
  "v[I6Ր      xa`Al      ?w
6b@i  "   
  !l@m1      Pv﹮aYD      NbJh
  "vУ      |5~M      /5ݜQ
6bƺ%Ǚ  "   
  !l(:      v)Ǥ3I{      hKX
  "vOwI      y'8^Jh/]      A連l
6b&(m*4ə  "   
  !l*      5lD5`!n^      kg
  "vU]O      wG{{1qÐ      A+rU:
6b/LzCΙ  "   
  !kI      ˚ -Ɛ      #5
  "vNx      vǌo'6!<      3#`
6b8qRԙ  "   
  !kOh^2f      #igE=a      =-(
  "wbMő#`      vtn7i^      3b
6bA@:aٙ  "   
  !l뀬ݐ      @e>RYK      yJ晭s0
  "wESo      x~رH      <Ē
6bJƊpۙ  "   
  !kϮE      @FĎ12*      4Ϗl
  "w*:,_      z%}i      -+ E3
6bSl  "   
  !lX_      'ey      '$
  "w-36a      Q#$0      .h!2
6b]#J  "   
  !l龛(x      V^7g/Yc{      /[
  "v|      Ά:"7א      eQR6
6bfH  "   
  !kCNNU      o:k?ܷ      FbgI
  "vꝣN      R+uvL"      "
6bom?  "   
  !k׳({      DxP>      fכ)
  "w,쥢4      u2k^      |CD#
6bxZ  "   
  !lGZ      c5L󸞴d|Ր       ;5D
  "v|sz      I`_Ȁ̌      ڟ}fE
6bl  "   
  !lSsi      +^µqh      Yp35#
  "vÓU      f2en8      A7
6b  "   
  !lF>o&M      pAõ-ؓX\      ڙT]
  "vuVI\      5-A~]      I}6
6bj  "   
  !lnq      }Zg'J&      0ZHkt
  "vGv      2Vי<      ?d
6bD?!  "   
  !k3;hӐ      4OE'T?q      lV:
  "v*ѐ      ^^򴖵6ѡ      #_|s
6bh+'&  "   
  !jDP      ǳ=*o      )0_Χ
  "w2[      ٩bz2,6r      1Io"
6bl{6,  "   
  !kԛ%7      ab      Ƒ)Bm
  "vͤfH      (}w'6,^f$      ARUk
6bE-  "   
  !m7R&|      I-R7      ?&&-
  "vV_J      `QR9       S@zJؔ
6b֙;T3  "   
  !lEcRft      i?ӗɮ      ?CzE
  "v]4      ,;~ϡ쮉2      ddNJ
6b?c8  "   
  !k]Hr      Dy^3cŐ      ک<}/
  "vʔΑ~      AAյXт      y=N
6b?r<  "   
  !jd {      b6_3߯*4.t       fI
  "w2wܣƐ      UtꌳaYn      
6bdlK?  "   
  !kϐ      qCݴP--9      Usg5 
  "vȉlY      k(#)۶GET      N>l
6bF  "   
  !l      Sbi~mPN5      imy
  "v6      #i7R1W      l:a)
6bﭘJ  "   
  !l߆      u%s'߿`y      UfM4[
  "vݏ      _D)%ݼ&      5tӫ
6b?[M  "   
  !kN      23mDq]      jMu
  "v˜*-      327d㝞      4bۢ
6b!ūR  "   
  !j|;      :)Wx-W&[P      (Z+[x
  "w%5m      .#rĐ      '߃nf1
6b+;kX  "   
  !k@*&Y      {_3      $gI
  "vO1      :^.r&̵.Bʏ4      C@O&$_
6b4_kY  "   
  !lsk5      J*շ6.-6      :u6Ҽo
  "visYU      )DXX˛ܐ      aX`
6b=_  "   
  !m,;%s      [{F,      >6
  "v%(      GuJR      JA
6bF?+d  "   
  !mKzCɐ      "3x"o      XXɥ
  "v>WH      f~fXA̷aʐ      ިb
6bO|(f  "   
  !lW+      dp㙷]ŷc{      
  "v5uN_      $IC?      q
6bXk7k  "   
  !koi      G-e^Kq      WJ>=
  "v_'      \r1      {^
6bb6<Fp  "   
  !kE¼hW      IPC۰D/      Vcz
  "wT-(      ̷Z,n2}      $Zt#e!8
6bk[Ut  "   
  !kNl}      zw<+tspk      ly/
  "v-      ּŏ.a[XwZ      G5s
6bt>dw  "   
  !l8n4      :]tx!~      rΟzF
  "w/L#      5AcgFڙ      mć
6b}Ls~  "   
  !kW蹐      ە7||ː      1\
  "vm}      \҉ߠl      3[
6bk  "   
  !kİw      5b!NABmet      #
  "wGX}f      T9됴d5.ސ      {['P
6b쑅  "   
  !kn^(T      X{53      "}Ĭ
  "v5]c      zfgc      K+
6b2\  "   
  !l85҃ɗ      q׀Qfnkݐ      K.[
  "vػh㊐      7dqf+6      /LDJ
6bW>  "   
  !l/U      ֿEd 77p      4=s
  "v!Y      "^jjs      Z)km!}
6b{  "   
  !lk9      syI9S2V      a
  "v1 )      NU5:E      QD**
6bkl͗  "   
  !lic)      4/IgDF      j{pΥ
  "vЕa;      |̝rF)      ۯ.,
6bܜ  "   
  !l7qf      Лõ@ZlC      )1@Ʋ
  "w4C)      w ctI      wNq
6b,랙  "   
  !k%      o߽/pRk_֐      Aoa{O
  "vSܐ      /.`      2
6b.>|  "   
  !lug_T      LCŻ߉f      4ڵ
  "v{Ր      ,t$gy;ؐ      dXG
6bR)  "   
  !lU      ߲vY1!]      DD_
  "v{}      ^/hH%      ?m
6bwk=8  "   
  !laߺFj      #,VO[^      ]ye
  "vt&:      æ{-B/U      2X
6bG  "   
  !kc9.      nRR5('      K
  "vI<      ư_n3G      PTGp
6bV  "   
  !k++1ϐ      -@<iЯr<{      cW@
  "w%{ɏG      <K      T
6b>Me  "   
  !k]KP      vءv*TqE      "g8
  "vsUgЉ      S5Ahuovؗ']      ).R×
6b')ĝt  "   
  !kh?      {WO=N      T@C5
  "w-k (o      lڔWWI      |[=?
6b0NjÙ  "   
  !kT̓      IL51pA      ~!
  "v:      Ģ,ߛ0.      ěP/
6b9r]ę  "   
  !k)4.      xuPqYdѐ      An 
  "v$      ߏzw˰      V)r
6bBʙ  "   
  !k"h7      2%m.      1!
  "vuT      [^ͷ=︸      /c
6bK=ϙ  "   
  !l*z21      fm8t6-[:$`ڐ      T
  "vvF      l#caXٔb5f       \
6bTmԙ  "   
  !m8͐      'ՠb9vJ8      `
  "v~NşP      545c:ƪCA      .AgJa
6b^%j֙  "   
  !l'8?+      $ZRG]c      #^2X
  "w'ڑ5*      5&-9<,      lIó
6bgI-ۙ  "   
  !l'Tm_      4e˞i&      ļI1
  "w.l      t?H@>z?1q      )}¼
6bpn}ݙ  "   
  !j|F      M&Эz-      :,q
  "v3qi      BFSou:      Inom
6by=  "   
  !k"lsk;      }I׃72ِ      CG|
  "w$:a'      G!UMⳬ8Ґ      PlT
6b>*  "   
  !lhD_       [V^`BH])l      T:U
  "v8W      \_̽+Đ      F
6bj9  "   
  !mZV;T      nJՈv.`       ӹQ
  "w)]수      VkpN95x      jq&
6b H  "   
  !l8\ȃ      3HIL%0B      il}OH
  "v>6~׹      dgULV       >[a@
6bENW  "   
  !kǱR"      ԺW6R@7*^R      *~|
  "vP򸟈      Ngoe^*YD;      Q{)
6bj=f  "   
  !jZd!      +h/oE,      2k|
  "w6v9u      ; Ĵ4ltu      3}i_
6bu  "   
  !l&ߐ      N@:aNhs>      _m
  "vൿ|      fzxӡ      8:{R]'E
6bj^"  "   
  !m\U%9H      Ew*;y@\      LY'
  "vKQs      Jbn&      x)c
6b'  "   
  !l7L      뷌oQ-We`ğ      P["
  "vܓw      #.Iw>i      xNj$
6b)  "   
  !kLΎ      zV֊|ϐ      Ql
  "vȄq..      BueЃah{      ;Ʀ_n
6bA=n.  "   
  !k׮ѐ      6mewdD      pkj
  "wBߟ,H      QgV;B?      ZYX
6beþ3  "   
  !lJ      mj:?PS$      1~M/<
  "v      jɍz7A_qk      عŗ
6bj.5  "   
  !lY-      F暑      E+-M
  "vݞh      3uGܣ      H1K^
6b~<  "   
  !kB }      a\p'x(d      aӘ
  "vIE      by'{ND       buZy
6bӖ@  "   
  !lEsː      "qX6l:      Zyd
  "v      ,жbj5$c      ~$EkR
6b"=>G  "   
  !lD?ǘ      tƪQ.L.L=      >#z
  "vzRpf      'XV/CIuQ      _)c
6b,<Ï,H  "   
  !kGn0      f]8:ڒDR4DӐ      #*$
  "vu@ɐ      }V2vQ      C";
6b5ai;N  "   
  !lW0      GI'^;*      K΂]
  "vMh      ȍvw5)]      *⏡`R
6b>OJO  "   
  !mXޫ      ,*FY۳/      F_˴5
  "v\&@      J%aP5      aq%
6bGYU  "   
  !kֿR*      ̤KŊQ      b?OX3
  "ve}      q%5ȳIbzw(      ڿfl
6bP<hZ  "   
  !kmt-      ps5A^G      vx
  "vϘtN[      ,-{29Y`8      T8[&
6bY_w_  "   
  !l|f(;      6;.Vaj\f#      n}
  "vޗ/h      u8dǞ,      &i
6bc8ia  "   
  !k!J`      /<Fa۫      1{L'
  "v^=      ѼW߳3Q췁      )ޱ4
6bl\f  "   
  !lJ      g6]ڐ      9}ĸ
  "v/Sw      NWtފʐ      _csH
6buol  "   
  !l2hZ      ekx-1q#[Ր      !a}ӛ
  "v.0Ő      [\D-LZt      wY]
6b~<m  "   
  !j$      #4S;]2j      [Le
  "vK&N      +m2Lp>      cƕP]
6b/t  "   
  !lD+B      Ă곷c      j
  "v/h^N      ֠.Ƞ4p趐      ĵel
6bix  "   
  !k[伔      t%*A᳦      Rb
  "vY      {^1ibqR      D~0U
6b3{  "   
  !lʾeL      NǇ##"7      0ʲ
  "v       oe%G<4h#OI       >6Ai
6bX?  "   
  !l\#      sθ8S      M[md"
  "w"\j      _*?X9      +1
6b}<  "   
  !k.GBӮ8      "RqH       h
  "vѵ` JҐ      X6XΰPO&8ZG      Gep/
6b-  "   
  !lX4A      |ߦ'Ԟgvp[l      フ
  "vY\      e0LW      TDi
6biP<  "   
  !kZ'      ?_;{?ߐ      x:o`
  "w+.^      D2w0jlY3      |QXa
6bK  "   
  !mPM      䝤00%ձ      <Id
  "vܠ<8      ?ô4ʀ      O=r
6b/Z  "   
  !kR\n      =+ʲ2ʽ)      6!a
  "v70      6SD9 ^      nch/
6bT<`i  "   
  !l^N(O      pash|0+*      ӔϤ
  "v"      &z'}(      g0LE
6bx°x  "   
  !jȤ7ʐ      40`殬W*      lY
  "vل\      *ƈ:8]q      bDV
6bi   "   
  !l\:      +L$l=G      - U
  "v`!      k_lA.      el $z
6bp  "   
  !kXxt      V?jSNǦ8      խR{
  "vw_      %'J)9q      ]LO5>
6b  "   
  !lv-ڐ      e+;ǱKS֌      ^\
  "vzx      dn~0      ˨]#X
6b(+<0  "   
  !jV,      )~gЫP?oU      `abڈ
  "wC:ZA      ##"PZ      \'%5
6b1Oó  "   
  !lpoV      9(WE@`O      #%R
  "vf      (E$Ks      U>N
6b:thҷ  "   
  !k}u4ǐ      iCxeb"G/L      ̶QL}
  "vբ^Ω      &/Q`flj      ^^
6bC@ᾙ  "   
  !mR?fD[      Y|KKEM_      g
  "vmZ      8e7ڵ9x      ,5
6bL  "   
  !k]v4Ð      e((8US      V8,&K
  "vI      .cW>Fb"u      fqou
6bU;ř  "   
  !l%:'      B&E쵤>ų      76
  "w,h      '/7wѻ&      ~5I
6b_&Q.ș  "   
  !kȞÔ      z rüs8      ڀFb
  "v渀}      :qg`xa      r݆E
6bhKh=̙  "   
  !k %%      Q}>ֹݲ+A      _
  "vd<B      tNܛEU      郳aB}
6bqoLә  "   
  !m^c♐      6g803\*hE      N쎑hg
  "vu҉u      J)}G[      x{
6bza[י  "   
  !k9      H%/U*S      ]jC*
  "vVS$      C!,*P|_YN      (7˜
6b;jڙ  "   
  !l<uÏ      5<qu      h
  "v2 G      ^Zu]椐      Ʉd
6b!yݙ  "   
  !k      EbgV<N      dsZ
  "vB(7      S2)еH-6      4*Sfj
6b"hq  "   
  !k˝)      O1@nI04      Iot
  "ve:      wk+$T^A      ܗ
6bF  "   
  !mJJAzͥ      1􇫎Sn      y7
  "v0E鮐      1;L5Đ      N
6bk1  "   
  !lTѭSǐ      ~ٚ3ALcC      
  "vSC      '(a4mӐ      ̈́ĠY
6b;  "   
  !kGcӐ      JtߪPPɐ      [%&
  "v8n      6,f,I<3޷x      nH2G<
6b  "   
  !ltj\5      A,eȷ:jf      C¾
  "vŷl*      =6>2֐      X'č
6bhA  "   
  !l5`+]      䶵Qڐ      33VK
  "v)      Z\v~zzXޣ      a%pm
6b  "   
  !l5)7F      ~r\mwZ8(D      J
  "vՇF^      t/~<      6}/F*p
6bB!  "   
  !lʓa      H󼷹*&      ~E
  "vHj      :`p^$      ]n
6bg;R!$  "   
  !kܛ^      BS~,nv      Bw$
  "vAR.      (ņx`Qِ      `V,Z
6b0+  "   
  !j졐kP      V-*b5Uݐ      셒b
  "v      X*o9p      ƚD
6bg?/  "   
  !l'd      zĹE-Z      ^l
  "v+S3      W'Ɣfh      y
6bbN2  "   
  !mHKU      Cыh>ݐ      |
  "v@j      *b` N!UN_      94 x
6b#]6  "   
  !k:u      sďn=#uc      C,ۘ
  "v%o      m,ö>."      ؄1
6b->;"l=  "   
  !j`@      Vtݯn짐      9B
  "v6      67 .DZ      nB
6b6br{@  "   
  !l{tmސ      }8Ƿ;/Q      :oF
  "v#u      D!!'Dy,f      >I[rQ
6b?gD  "   
  !m'>x      Cl}YL;\fP      |ɏ"f
  "vE;"      qLg6ǽ      uM
6bH2G  "   
  !lU-XĐ      (erıj      F%]]V
  "vwWI      &A89/L      V$W
6bQДK  "   
  !kR_Ր      =HgC7      b]+
  "w05{      sE㴟p#[      㿱T@
6bZ:ҷR  "   
  !kM      #ôͫv      zd##
  "vAɴ      _}JwQ$      ֤e
6bd9BU  "   
  !lإʨ      E"80Pd      ~g2"
  "v\lĐ      A1(M>(C      Jvy2
6bm^gY  "   
  !lF֮<      s"^G      JIwk
  "vYȲT7      zٛ370,e      ܒ6>E
6bv\  "   
  !kvZ#Ő      +I4ɥ(      7񋖂
  "v]%Ӑ      X4fZv7      ,jiP
6bRc  "   
  !k)      >FH      H
  "vA7      ǼǑc9ǅ7t      Fr
6b:"g  "   
  !k/I      RIòmX/x      yY$O
  "v8      <#+6Jì      QK=i
6b1j  "   
  !l;@      }F0#4B      Oya
  "vGTL      \#5-5еL_       WR
6b5gc@n  "   
  !mYbb      韏м~%M      ĳlL
  "vb,l      ]Q[Ae3      KY^
6bYOu  "   
  !l;ߕ      q,\3.;      ̠G,
  "vw      1oӒmJԐ      wVG
6b~#^u  "   
  !kR#)|Đ      T-D6ҙ4      g伩
  "vކ&7Ɛ      hvi먳>      %l.
6b:sm|  "   
  !j֥H       OiO9#v      Y>|6
  "vPܐ      "hش xvא      Zы5
6b|  "   
  !kڷ      >MNQ_y      #ʗ`%
  "vYT\>      4t,"d9А      /خW
6bg3  "   
  !loː      njD'I      u@c
  "v"l      }c2ԂݲV      <ʛ/
6b0탚  "   
  !lߋX      e;ᕔOַ      EK$
  "vI8      ;ĻEMͪs_      tNc2
6bUө  "   
  !l8١x      -ק$/      dBk
  "v/5Z      ܟϫqƴf<qp      4VQ
6bz:C  "   
  !l<#ϐ      3=Rb      +)=
  "vOS'p      |QQUճ]*      վᩴ
6bǔ  "   
  !m,QњX      | n6g      םU-,Y
  "vކ@u      _AHP<PtKƐ      w4%
6bf֛  "   
  !l^r      l^vAҺ"{ߐ      7Vw
  "vW      !SW&<      Z*eP
6bS埙  "   
  !kTEĐ      6ctgNoa      o)3֊
  "v28*      gvLI      H
6b),  "   
  !kdyI2!      ޮFR8J      8~-'<
  "vu.d      ,)Sz      t醒F
6b2Q9#  "   
  !k{&;      PɳnOEB      A&
  "v}f      QfWVP/      B
6b;ud2  "   
  !l/<26ސ      xsӹ`      1Aѷ
  "v+mt      @snseI1Ȑ      PUKn
6bDfA  "   
  !k;9ɐ      Em&_ӹk      }%~\AA
  "vMi      uTQle@      @vtW
6bM$P  "   
  !jU}      Q=      Hn8
  "vj/>      ȹW]'+      2
6bVt_  "   
  !j       S5T*gې      4(
  "vCy      U8aCJUИRN      |HP
6b`(9n  "   
  !k:󴇐      1RVWV<D      mf]
  "vɷ!       `&0ȶȹk      Xڴ#
6biL4}  "   
  !k!ې      U6hmX=      z/2Q
  "vq>       *$?g      %{{t6
6brqfƙ  "   
  !kq%ȃ      "˺o"\      Zf.x
  "vZmː      bbe㠶lg2X      N
6b{ԛə  "   
  !jo2      wVz#)(      &)H)U:
  "v\O      k9nضl      :t
6bD͙  "   
  !kb}      `mr      ͵(
  "vT8ʒ      :613ԵzG      r50[
6b9ԙ  "   
  !l4OV      fdZVrl      ~*o
  "vh)Z      `{)^_(i      B^0_
6b#ԙ  "   
  !lZ6f      4>_H#e`      mg%hR
  "vյ,Ր      8hȶ؏=v      
6bHfTۙ  "   
  !kߵD]      9eĝ4esÐ      9
  "vLb      xdz>"      ȣR܋
6blޙ  "   
  !k6!      VW@4c-zdXG      vQۚ
  "vpQHb      d#-Mմ`TK      M6'>
6b  "   
  !lJMA      x3( yQ_      ,
  "vZِ      9'Wasz      qrd&
6b9e$  "   
  !mgߘ!R      I"7*m!      l5՛
  "v2o1      c&"I.(?R      Gz6
6bڿ3  "   
  !m//ICܐ      MbbI      Rgb}vx
  "v!֐      #wPHiM      KS
6bf%B  "   
  !lU1+      ʥn`O\t       Dy> 
  "vˉ_՗      ^I}^      B;6
6bCuQ  "   
  !k{lA      BGKD6zH      Pr%
  "v)aؐ      wpV e      -I
6bh`  "   
  !l0U&      bəMC2      8#÷E
  "vL      Ry/p0<9 v      :f
6b95o  "   
  !kf+N      0P%"<rAl%      h4D1x
  "vÀP͐      -QѾǳ:iI/)      eکz<9
6b򱿅!  "   
  !kv%Ux.      fpK4&P      5i
  "vYK)      Cfm˔S\`      A7>Q|
6beՎ%  "   
  !k]?      ϦµⳒ|      gnĜR
  "v@m      ߡim8gA&      if@
6b$E,  "   
  !lWN      v삏sS)      ˡK
  "v%Ɩ      1:YDx[      ކE:
6b.?,  "   
  !m]VF      IcnpCP3      YE":
  "v'      GF7MeeӐ      ޯ3m
6b7d83  "   
  !l%e      @fs*W      R&#
  "vpwА      f$lw5}~ݐ      %!u_
6b@U6  "   
  !k:o/}L      ʩxpXt~oG      !3
  "v/sL      GGL@Px&$X      ةb
6bIe=  "   
  !j@      8=!C%b      ΜFTdS
  "v{:,      *|%޶$P      bg0Q-
6bR=  "   
  !lJ@RR      bhw$      KTxG;
  "v'!0      OGpڒ5      E]PN
6b[eD  "   
  !mE_Gg      5|rc,ZxQV      n7le
  "v@-0U      <*rǐ      *m?4M
6be;8&D  "   
  !l8a*(      NrS's$W      ?1s
  "v߬8N      -NÝĴKd      IC:
6bn_&5K  "   
  !koأB      S";CWۂ      N, a
  "vv{      Mˈ2vq      si44,
6bwevDR  "   
  !k2Q2Đ      +b꟯;TNp      d9D
  "v^Ȩ`X      Sײ;Ƒ      W0+
6bSV  "   
  !l47ؐ      QqJظlXݐ      <0
  "v*      pwȏ˲OQ)8      bu
6b͒6bY  "   
  !mD%e      &g\F-4      ]KCw
  "v,쥥      YEjx'y      B"
6b8q]  "   
  !k|e      پ%qCed      /h/ج
  "vtV"]      DKIJ=X'      |p@
6b6րd  "   
  !j]?      =P<Z      E'!
  "vѐ      0}aBi˛y      hӶ
6b[eFd  "   
  !lNq      pM2=CW      vx
  "v10ݐ      U7c\w      UY2;
6b떞k  "   
  !mmrXԐ      F1j9ׄU      ~)!5b
  "v_ѱߐ      *Z|aڨؐ      D?f
6bn  "   
  !l)BYӐ      KOHC      PHѯ
  "v,Ho      ±9u?+X      3N7)
