6a10        "   LLLՑ                  LLLՐLLLՕ3
  !planet1 `9                  
  "planet2 NK$                  
6b        "   
  !l9)             jjj      X      
  "wZf!w      4+ej&jjj      (4+ej&
6bwn  "   
  !lJ.!w      T:FpDa5      BZ
  "w^|N}      "\a:9j=      Y,jC+
6bϩo]  "   
  !l^$)}      ֬:I%#H      .iln?5
  "v]kې      WIwzܸFsT      h5N
6b]#5Ի  "   
  !l=~rF      rVح+&(D      ${
  "w)4#      ( ޱU      }
6bqoҴ  "   
  !l)P@$ސ      дۨxŊ      +WRh
  "wpx      *-l^f      kn
6bꏔ  "   
  !l6O΅,      Ii۵KJ1q      ϖ7zV
  "wZ~      eDn2;*^L      SY4e
6b'LN  "   
  !l&Ό      n8a[vw{      \C
  "wQ      T<^0KDKm      ͼ
6bs{  "   
  !l?5AF      l}UOֲ      m3
  "w2s      XYITc      lUɾo
6b¿ݤ  "   
  !lU9J      XqB%!5P^A>      <D
  "w %JcD      vןLczv      &W~
6b+`՘  "   
  !l6rtV      D[*RSXy      {J?
  "w׃ΐ      -_g䴺suL`      e'){o
6bw"  "   
  !lO(      .iеsቐ      fbT
  "w}/      m[2`YuF3A&m      ZN1'
6bйOz  "   
  !l\#-      +shd8CWϐ      Qo8
  "w/t٬h      $1ްG(O      3/uP
6b4/u|m  "   
  !kM}*      8oS۴LC5      =!A
  "wW      )|;ұ=N      K˔D^
6bH{1_  "   
  !k뽳^Y͐      τS`͑      '̱i
  "vȎ      X*k.}tUL-      H
6b\R  "   
  !lUU):P      y]4-א      Mp
  "v8ֽ      eH3 Vb'      ҵW 
6bq3#E  "   
  !l@2٘      N*Dr\      p~K
  "v##      yy̷      A{l9@
6bхFP8  "   
  !lQtS\      Z/zU3      =I
  "vT*a      VYu%cS$}M      W:
6bՙ˶}.  "   
  !lrPLg      |ŖirͶde-      "W00
  "vt\]\      o̰JEٛ      -Y^
6bٮ7  "   
  !l$UfC      g֖(8xvڐ      yac
  "vԤ{;      [rpӐ      HlڒU
6bZ  "   
  !kt*G      R-N=W}*      b_H=
  "wFߐ      `2}M?DP9      qrt+
6bϩ#  "   
  !l2a"      =%1|961w4      uM)b
  "wSז,b      k!32Rs{      x8
6b;Pӗ  "   
  !k2-~      (k͓qu7       `}
  "w      M!Fk<Y4      YlE
6bo}ɗ  "   
  !l!8~      nA?q      Kդ)
  "vr7!/Dސ      t2f]k      ު3|
6b3ӝ+  "   
  !lfן6      ځ筌aT1>      6˧P
  "vʊ㝐      jBi-Ht      %nڠX
6bH?׫  "   
  !l=8駐      ؏&sFr      "qG\'
  "vNX;o      Epu;[LUDYK\n      |ֈ
6b\$  "   
  !l(h\      o6aFAc      Jb&8
  "w>눳      Q<:/Ő      uV
6bpא@Q  "   
  !lH]f%m      Gʵh}      t*
  "wjs#      ]OJǹ3      PgG
6bC~  "   
  !kGKs^      8P}:@      úFmJ
  "wy4P      rD)⤙_n!u      an9
6bk  "   
  !k[(      vEU9v퐴Xe&k!      g2J·
  "va'      \| Y$&$      (Qz
6bu_T  "   
  !lS;zT      a;SV]Lԥ]7p      Sf
  "vO      Q׸6ï<bِ      iGt)
6b]#4>  "   
  !l:BfW      M)Xb24Ӑ      2.2J
  "vjFF      @lDn6o      5Oo~
6b$  "   
  !l"Q'|      7#ևϴ+a^      o:~
  "wнT@      7=L       ny^湲
6b4_T?  "   
  !lM_$t      "ᰲ6OvSW      ZY
  "vĺ       >A"$a      >W
6b֘  "   
  !l-??qe      羑nE-      F_O
  "vi;c      "WOq+J0      W</
6bsu  "   
  !kC39      ؘIy?´aՐ      0GK
  "vQ.V      E)h򶚐      X
6bgI   "   
  !lU&N[mA      Þ{zU>ҵ|y      =+
  "v%n      Dx&~Sr      J{z(e
6b𒫍  "   
  !lP\ѐ      :P^aSƶ      (U.#u
  "wB'      zAq,qh      zw
6b>2Vu  "   
  !l/#.      ۢc/%2e>ΐ      Ҍ˨'
  "vf_Ǆ      嘡w$0      >k}l
6b3`  "   
  !l_h*--      -D0Rǵː      i+@
  "vV      v[7#ja      _4
6bQE  "   
  !l;?9h      qi@#bF$      :
  "v$쐡      w@PVw%ِ      ?zL.O
6bqo7/  "   
  !k:b-      [.DE7      HJe
  "wS+N      wU<8n,|ڼ?      
6bp  "   
  !lOE黉      F[\lWܐ      ~H
  "vn@      C9|T"c       A5&
6bHlޘ  "   
  !l9"Ґ      2'd܋      j.L
  "vt2      gM➴;眳      t
6bYɘ  "   
  !k{[X      0Xϴ+zXʐ      UG>bp
  "w~믓      i{u/⓮ƫ      LI&
6b/  "   
  !lQ~:/      Vhpʐ      ?
  "vyK|      8TƷW˸      &Hut
6b{M  "   
  !lnKbt      HyeiD'ː      +ˬb
  "v\.>%3      %=0wWH      \F^K
6bCN؀  "   
  !l0ߦ      B8t9^DP      V%
  "wy<      q_?d9      d'xH
6bR΃k  "   
  !l8"ǐ      zJV:49      ̐z?
  "vC0      9"_9`5P      rwuܧ
6bn.O  "   
  !lI<ٙm      m-;o͵_֐      kT(75
  "vkQ._      gOZwLY      L"
6b*-:  "   
  !k)      jִ!hv"      P5lЎ
  "w:+em      Y"ͬߡ#      >ϗ
6bd"  "   
  !l*n˞7      j7x9nR      ytkw
  "vsؐ      :w8dp2'D      1p8x
6bi,  "   
  !lc8      VxKߦH3kvALI      H
  "vJd<      }V|"gRh      ɷ9
6b\鬙ј  "   
  !l5V](ސ      A4*4Q)Ӑ      yxiP
  "wuߐ      ")3-劐      Zs'(
6bLD  "   
  !lH      ,\!U;-2      d{B±
  "v6+'>      t2R$$M:      ݳWN
6b4SϤ  "   
  !lgsT      j3}䑥I      Pc
  "vKJ      Og|FG+-wGא      B1
6bkz  "   
  !kf\c      8&Գ~i      ;X)
  "wM似      ~J|y˰      09dP
6b%s  "   
  !l5      gLS,z~      %;
  "vlUm      \<VU8j֐      
6bg=犰Z  "   
  !lFLd'      ;Oݯ%Xm      /
  "vʍ*څ-      1:-Jk:t      hPzC`r
6b*[E  "   
  !kŵЇ      +.1]djF      dN{;
  "w^Rِ       cp߬"      (WW;
6b>y)  "   
  !l\Z      ;@0mVw      j~6
  "vC?      lh*Cv      쌠@
6b'I  "   
  !l]E      z쬫4E      ٞ
  "viP      3=[[P      T0C
6b;ܘ  "   
  !l/Tff      f恆6j4+G      x!\
  "vXmϐ      6ן9)Rf      塯;܄&
6bqchĘ  "   
  !l)z?      Ps6U/j{1      .$G>
  "wph       ep2P#x      .3x
6bq  "   
  !lPX3z      <>St+      tabQ
  "vYĐ      gm3a"E      OS
6bH  "   
  !k</c      'eoʹFUaeѐ      _{oɫ
  "vo      W*|-vC2      6A
6bM'~  "   
  !l0ʹm      Qx.1nҐ      J+q#
  "vqy"Ӑ      gAN(^z_rVŐ      v3cK
6bRf  "   
  !ls]Cb{      ݴcxx+      5`zG\
  "v}7       #fҥޮ|=۬      ZMkzi
6b{FM  "   
  !l'jQ"s      ɞxJ!$      !YSzKͨ
  "wăV      "xwg7d      8n
6b7ƈ5  "   
  !lQRQc      n[|zM      LAT
  "u#X      |]#0Ј      "[G;Z
6bRf3   "   
  !lFڃC;      f쵝]565Z      ׬A%Ɓ
  "v񓓧j      9>Z,dgo      qF7
6bs  "   
  !kWR=      'Is5_ݐ      ?fv{
  "vT{ῐ      ڮ,W쳾F      2g JM
6b*!hϘ  "   
  !l+,      tz1&ܝT      j
  "w]\9      ٛCD.EnT      w1wNh
6b$  "   
  !lDf$      `;ϵnfS*E(      (3s
  "v-E      `zG¯c=      ו>'Y
6b]ञ  "   
  !l?M      L*["zمĐ      2\w
  "wKHPFې      %+ő(l      ^>WW_
6b\DI  "   
  !lD1Y      63jڐ      o#쌬6
  "uo      NE*yԀUR1      %MI?
6bq  "   
  !lV)ǻ      "х/>ᰵ8fj      ZJwUX
  "v3sM      $'ؼl=~      k
6b4GcX  "   
  !l/QSؐ      A#2%073G      FtvJe
  "vRTz      ^N)MMˇ]ބ      w
6b*@  "   
  !l.ig]      ث_˵3٭j{      0%
  "wkd      +'tq-5TJ      b~WH
6bނ'  "   
  !lC[8*      8ݭ6,M      Gتa
  "v爌      ؇c<oOٕc      .ޥ7
6bg1"_  "   
  !kDAy      !l}>Đ      箌B
  "wq$6v      0*>Aۚ=.'      ܠֈd
6b¿ݡژ  "   
  !l9ìyd      O}׵jۚU]      ~:ĵ
  "v:Ʀ̐      vN/SXdL      ebĭ
6b>mA  "   
  !l}jP      $\/$MnF      *f
  "vjb֐      Eu躇!<W#g      ~y߀
6b@  "   
  !l@ִ      qn9<WW      KKnl
  "vRTY      Ryp>b`Ґ      S
6b`ˑ  "   
  !kh      \JA-lyVd      Vy:&
  "v(HO      I*ﾊ+K):      %SFx
6bqWv|  "   
  !lE2sB      GnhصB6      
  "w7M      l`@gfwߐ      "D'
6bۀ!`  "   
  !l.T      3ϵ1:D      ka'r]
  "vM7F      }-WF/      :1*
6bHK  "   
  !l'`H`      wJ-̹Z      UC5.
  "vɹjo+      U/tmD      eM[.w
6bAڟW3  "   
  !lf~Nq`      {Ya{;sm      @F>
  "vÔw-      2dՊN@hڗ      i^"en
6b>  "   
  !lNeh#      Ԏ[-Qʕ#+      ,ED
  "vqq,      H͙Zu      Cݡ@nfq
6b{}پ  "   
  !k'~<      jo\D};F      W
  "wX]]      !Y9H4      "@Fe
6b+^7͘  "   
  !lMQﭐ      a\tSnRҐ      "e`$
  "vʨɖ.T      EJŰ|m-      `;
6bRµ  "   
  !l,%      ?šԴҐ      ΣT2
  "w'u۱Ő      $cKrߎ      WɲJ
6bg}ݘ  "   
  !kO       gQ"j      ax
  "wKh1      nX:%G}=@һא      i8A
6b)C'  "   
  !lFB~96      lYq:Lr၀      lnCP
  "v^]Ր      Q]-Ei*      yE~
6bמQ  "   
  !lIq1      Xzr"q-yMnp      :y}
  "w`!ސ      4|gMӳ[Ma      na`
6bQ?~  "   
  !l3՘0      CBbBsKFU#      {F4]
  "wJOԗ      ǁ!γ̋      V-n*
6b\E  "   
  !lrכ      .-r6=      fFOh~
  "vm2f      $[yPERE      ?Mm|
6b`Ә  "   
  !lg"f`E      GA{{_:      R4Y
  "w3pnҐ      qE-lZE<      (ʂ
6b4;   "   
  !l)k'[e      倮-LVju      =Ajj
  "vItWl      %&Ͻ(0      jyh#
6bՂHJ  "   
  !lL14^ސ      E,еl#ٕ      '소
  "v&0      SҔM$      CA0
6bw"q  "   
  !lFkCD      BX鲵ܲ-      BH
  "w @      dq1s>ې      Kq\
6bg%ԣ  "   
  !koА      agp@ym       a_\)
  "wg*)E      ǘv2C$k      MVO
6b³DJɘ  "   
  !lOF>c      &LE      ɰh0e
  "v      z:ل)nː      ,'F
6b>a  "   
  !lXv\3      }d0^k~      lg
  "w$Th      lKPv      (}B5dw
6be@  "   
  !k#zI{q      hBCПw|@軐      65
  "wGu@      bb^±9       Ԙw1
6bMk  "   
  !l3A      SB\)Cl      ;Dq
  "w1k3:      ZmG/3Fu      cM
6bqK҆㘘  "   
  !lB$+H      ?m~IMʛ      w}/
  "v А      P5B4p+[W!W      F>KN
6b'  "   
  !knM      *U2u      bgHf0
  "v8ː      IJ`UqH      ½
6bHѨO  "   
  !lFl=κ\      4R<NlJ      M8V0"
  "w,q<Iյ      FdW5|֎      }ETf2S
6b5H6  "   
  !lkͯ      .%88z/0א      8_
  "vY_rǐ      C(=n["-ː      yUf.0
6bɜa  "   
  !l*7}5      \q]ː      $(
  "uQFǐ      <MT=+PWYߐ      u:x86
6b{qjR  "   
  !l9Gx,0      dZHYoW"~      * d
  "vq1s?      :JNPڬ]      sinǙE
6b踘  "   
  !lQ      HKsO(z׈      '=Y
  "v[_Ԑ      =R,r7GڳT      uѐ
6bRϋ  "   
  !k'S8aɐ      h>$)      KȾC]
  "vcpC      BF'nu 8;      zga_d
6b[,U0  "   
  !l8Npu      xϐ΁knH      $7Z
  "u*TV:      EqO:!MW      ~9Jg
6b)άZ  "   
  !lOC+r      dK.4<.p      ́1)
  "v҉d      G<CݯkƳ%      w
6bM  "   
  !kl+p      PCw^?-lCq      7%>2
  "wz*NƐ      N%9D      ¡܃
6bEW  "   
  !l@ʿ4+͐      :g5*y64-z      r/
  "wfP      Xª@4l><      J$
6b\nܘ  "   
  !lS]      &03?-T)q͐      ^В6
  "v#=      d3(ٳvff      (`4
6b&  "   
  !l)#      9QMN      JӰR
  "uq       n{>qǴCus_յ      X-rv
6b4/̐ZP  "   
  !k?̐      XFlrบ      59J,'-
  "v'}{      xsΏϵ8(2O      ,rB-
6b0~  "   
  !lb/3g6      ĝa^ZB 8       X֖>
  "v,˵_      ~-ak짐      6M^0B
6bk˱  "   
  !kٿː      {Ǵx&sd      n,dĨy
  "wX?      \. K$      CB
6bfR\Θ  "   
  !kӞx      \L)5Xa邒G%      dx\
  "wXX1ΐ      ۓ#tҬ̒؀j      !dׁܳ
6b§  "   
  !lyy#      5IwsZ5a      _ `Q
  "vIrO9      ׵zV(˿gD      Q0`&d|
6b>UsF  "   
  !l5)      ve-еJݚ۳ߐ      =0ב#
  "uBؐ      ~[m'"      +53
6bÙ_t  "   
  !l+'ϐ      `oܴ? k      ZIlX
  "us      .ܲ0>^      @*O
6bɔ  "   
  !lu+Ȑ      L7Y%'<      կxTU
  "vZh%Kg      uKc      UlDo
6bq?5Ș  "   
  !k=5      8ԊٴaF!Df      pM=
  "w0"3Obϐ      5c9eй      n44
6bȶa  "   
  !l!%"(      "(Rh1ӷP      [_B\]4
  "w1^`f      P}㋗c!t      n
6bH{V<  "   
  !lG6      Q=}iwW"Ȑ      Fuǅ^
  "v'V.      lP,m˔{`V#Ґ      nΞS
6bŤ)׮j  "   
  !l5ϼ      ڐo]Llс      2> "#
  "v7Kӊ      D۴|ֵyG4z      dP
6bxd  "   
  !l7<Vd      LՑv^K      *
  "vkZe      !Br$JpF      s$xwuS
6b{e  "   
  !lc%cfϐ      R($eUOjŐ      闉h(
  "v4RA3      ÆRC\߰1ޚ      *Ki
